<?xml version="1.0" encoding="UTF-8"?>
<testng-results ignored="0" total="20" passed="20" failed="0" skipped="0">
  <reporter-output>
  </reporter-output>
  <suite started-at="2022-04-07T18:49:16 GMT" name="book-flight-module" finished-at="2022-04-07T18:49:56 GMT" duration-ms="39751">
    <groups>
    </groups>
    <test started-at="2022-04-07T18:49:16 GMT" name="book-flight-1" finished-at="2022-04-07T18:49:27 GMT" duration-ms="11337">
      <class name="com.newtours.test.BookFlightTest">
        <test-method is-config="true" signature="setupDriver(org.testng.ITestContext)[pri:0, instance:com.newtours.test.BookFlightTest@70beb599]" started-at="2022-04-07T18:49:16 GMT" name="setupDriver" finished-at="2022-04-07T18:49:21 GMT" duration-ms="4558" status="PASS">
          <params>
            <param index="0">
              <value>
                <![CDATA[org.testng.TestRunner@3ee0fea4]]>
              </value>
            </param>
          </params>
          <reporter-output>
          </reporter-output>
        </test-method> <!-- setupDriver -->
        <test-method is-config="true" signature="setupParameters(java.lang.String,java.lang.String)[pri:0, instance:com.newtours.test.BookFlightTest@70beb599]" started-at="2022-04-07T18:49:21 GMT" name="setupParameters" finished-at="2022-04-07T18:49:21 GMT" depends-on-methods="tests.BaseTest.setupDriver" duration-ms="2" status="PASS">
          <params>
            <param index="0">
              <value>
                <![CDATA[1]]>
              </value>
            </param>
            <param index="1">
              <value>
                <![CDATA[$584 USD]]>
              </value>
            </param>
          </params>
          <reporter-output>
          </reporter-output>
        </test-method> <!-- setupParameters -->
        <test-method signature="registrationPageTest()[pri:0, instance:com.newtours.test.BookFlightTest@70beb599]" started-at="2022-04-07T18:49:21 GMT" name="registrationPageTest" finished-at="2022-04-07T18:49:24 GMT" duration-ms="3530" status="PASS">
          <reporter-output>
          </reporter-output>
        </test-method> <!-- registrationPageTest -->
        <test-method signature="registrationConfirmationPageTest()[pri:0, instance:com.newtours.test.BookFlightTest@70beb599]" started-at="2022-04-07T18:49:24 GMT" name="registrationConfirmationPageTest" finished-at="2022-04-07T18:49:24 GMT" depends-on-methods="com.newtours.test.BookFlightTest.registrationPageTest" duration-ms="137" status="PASS">
          <reporter-output>
          </reporter-output>
        </test-method> <!-- registrationConfirmationPageTest -->
        <test-method signature="FlightDetailsPageTest()[pri:0, instance:com.newtours.test.BookFlightTest@70beb599]" started-at="2022-04-07T18:49:24 GMT" name="FlightDetailsPageTest" finished-at="2022-04-07T18:49:26 GMT" depends-on-methods="com.newtours.test.BookFlightTest.registrationConfirmationPageTest" duration-ms="1492" status="PASS">
          <reporter-output>
          </reporter-output>
        </test-method> <!-- FlightDetailsPageTest -->
        <test-method signature="FindFlightPageTest()[pri:0, instance:com.newtours.test.BookFlightTest@70beb599]" started-at="2022-04-07T18:49:26 GMT" name="FindFlightPageTest" finished-at="2022-04-07T18:49:26 GMT" depends-on-methods="com.newtours.test.BookFlightTest.FlightDetailsPageTest" duration-ms="605" status="PASS">
          <reporter-output>
          </reporter-output>
        </test-method> <!-- FindFlightPageTest -->
        <test-method signature="FlightConfirmationPageTest()[pri:0, instance:com.newtours.test.BookFlightTest@70beb599]" started-at="2022-04-07T18:49:26 GMT" name="FlightConfirmationPageTest" finished-at="2022-04-07T18:49:27 GMT" depends-on-methods="com.newtours.test.BookFlightTest.FindFlightPageTest" duration-ms="348" status="PASS">
          <reporter-output>
          </reporter-output>
        </test-method> <!-- FlightConfirmationPageTest -->
        <test-method is-config="true" signature="quitDriver()[pri:0, instance:com.newtours.test.BookFlightTest@70beb599]" started-at="2022-04-07T18:49:27 GMT" name="quitDriver" finished-at="2022-04-07T18:49:27 GMT" duration-ms="636" status="PASS">
          <reporter-output>
          </reporter-output>
        </test-method> <!-- quitDriver -->
      </class> <!-- com.newtours.test.BookFlightTest -->
    </test> <!-- book-flight-1 -->
    <test started-at="2022-04-07T18:49:16 GMT" name="book-flight-3" finished-at="2022-04-07T18:49:37 GMT" duration-ms="20991">
      <class name="com.newtours.test.BookFlightTest">
        <test-method is-config="true" signature="setupDriver(org.testng.ITestContext)[pri:0, instance:com.newtours.test.BookFlightTest@5d20e46]" started-at="2022-04-07T18:49:16 GMT" name="setupDriver" finished-at="2022-04-07T18:49:31 GMT" duration-ms="14620" status="PASS">
          <params>
            <param index="0">
              <value>
                <![CDATA[org.testng.TestRunner@4b168fa9]]>
              </value>
            </param>
          </params>
          <reporter-output>
          </reporter-output>
        </test-method> <!-- setupDriver -->
        <test-method is-config="true" signature="setupParameters(java.lang.String,java.lang.String)[pri:0, instance:com.newtours.test.BookFlightTest@5d20e46]" started-at="2022-04-07T18:49:31 GMT" name="setupParameters" finished-at="2022-04-07T18:49:31 GMT" depends-on-methods="tests.BaseTest.setupDriver" duration-ms="0" status="PASS">
          <params>
            <param index="0">
              <value>
                <![CDATA[3]]>
              </value>
            </param>
            <param index="1">
              <value>
                <![CDATA[$1753 USD]]>
              </value>
            </param>
          </params>
          <reporter-output>
          </reporter-output>
        </test-method> <!-- setupParameters -->
        <test-method signature="registrationPageTest()[pri:0, instance:com.newtours.test.BookFlightTest@5d20e46]" started-at="2022-04-07T18:49:31 GMT" name="registrationPageTest" finished-at="2022-04-07T18:49:34 GMT" duration-ms="3214" status="PASS">
          <reporter-output>
          </reporter-output>
        </test-method> <!-- registrationPageTest -->
        <test-method signature="registrationConfirmationPageTest()[pri:0, instance:com.newtours.test.BookFlightTest@5d20e46]" started-at="2022-04-07T18:49:34 GMT" name="registrationConfirmationPageTest" finished-at="2022-04-07T18:49:34 GMT" depends-on-methods="com.newtours.test.BookFlightTest.registrationPageTest" duration-ms="78" status="PASS">
          <reporter-output>
          </reporter-output>
        </test-method> <!-- registrationConfirmationPageTest -->
        <test-method signature="FlightDetailsPageTest()[pri:0, instance:com.newtours.test.BookFlightTest@5d20e46]" started-at="2022-04-07T18:49:34 GMT" name="FlightDetailsPageTest" finished-at="2022-04-07T18:49:36 GMT" depends-on-methods="com.newtours.test.BookFlightTest.registrationConfirmationPageTest" duration-ms="1637" status="PASS">
          <reporter-output>
          </reporter-output>
        </test-method> <!-- FlightDetailsPageTest -->
        <test-method signature="FindFlightPageTest()[pri:0, instance:com.newtours.test.BookFlightTest@5d20e46]" started-at="2022-04-07T18:49:36 GMT" name="FindFlightPageTest" finished-at="2022-04-07T18:49:36 GMT" depends-on-methods="com.newtours.test.BookFlightTest.FlightDetailsPageTest" duration-ms="573" status="PASS">
          <reporter-output>
          </reporter-output>
        </test-method> <!-- FindFlightPageTest -->
        <test-method signature="FlightConfirmationPageTest()[pri:0, instance:com.newtours.test.BookFlightTest@5d20e46]" started-at="2022-04-07T18:49:36 GMT" name="FlightConfirmationPageTest" finished-at="2022-04-07T18:49:36 GMT" depends-on-methods="com.newtours.test.BookFlightTest.FindFlightPageTest" duration-ms="324" status="PASS">
          <reporter-output>
          </reporter-output>
        </test-method> <!-- FlightConfirmationPageTest -->
        <test-method is-config="true" signature="quitDriver()[pri:0, instance:com.newtours.test.BookFlightTest@5d20e46]" started-at="2022-04-07T18:49:36 GMT" name="quitDriver" finished-at="2022-04-07T18:49:37 GMT" duration-ms="538" status="PASS">
          <reporter-output>
          </reporter-output>
        </test-method> <!-- quitDriver -->
      </class> <!-- com.newtours.test.BookFlightTest -->
    </test> <!-- book-flight-3 -->
    <test started-at="2022-04-07T18:49:16 GMT" name="book-flight-2" finished-at="2022-04-07T18:49:46 GMT" duration-ms="29859">
      <class name="com.newtours.test.BookFlightTest">
        <test-method is-config="true" signature="setupDriver(org.testng.ITestContext)[pri:0, instance:com.newtours.test.BookFlightTest@551bdc27]" started-at="2022-04-07T18:49:16 GMT" name="setupDriver" finished-at="2022-04-07T18:49:40 GMT" duration-ms="24515" status="PASS">
          <params>
            <param index="0">
              <value>
                <![CDATA[org.testng.TestRunner@48524010]]>
              </value>
            </param>
          </params>
          <reporter-output>
          </reporter-output>
        </test-method> <!-- setupDriver -->
        <test-method is-config="true" signature="setupParameters(java.lang.String,java.lang.String)[pri:0, instance:com.newtours.test.BookFlightTest@551bdc27]" started-at="2022-04-07T18:49:40 GMT" name="setupParameters" finished-at="2022-04-07T18:49:40 GMT" depends-on-methods="tests.BaseTest.setupDriver" duration-ms="0" status="PASS">
          <params>
            <param index="0">
              <value>
                <![CDATA[2]]>
              </value>
            </param>
            <param index="1">
              <value>
                <![CDATA[$1169 USD]]>
              </value>
            </param>
          </params>
          <reporter-output>
          </reporter-output>
        </test-method> <!-- setupParameters -->
        <test-method signature="registrationPageTest()[pri:0, instance:com.newtours.test.BookFlightTest@551bdc27]" started-at="2022-04-07T18:49:40 GMT" name="registrationPageTest" finished-at="2022-04-07T18:49:43 GMT" duration-ms="2171" status="PASS">
          <reporter-output>
          </reporter-output>
        </test-method> <!-- registrationPageTest -->
        <test-method signature="registrationConfirmationPageTest()[pri:0, instance:com.newtours.test.BookFlightTest@551bdc27]" started-at="2022-04-07T18:49:43 GMT" name="registrationConfirmationPageTest" finished-at="2022-04-07T18:49:43 GMT" depends-on-methods="com.newtours.test.BookFlightTest.registrationPageTest" duration-ms="89" status="PASS">
          <reporter-output>
          </reporter-output>
        </test-method> <!-- registrationConfirmationPageTest -->
        <test-method signature="FlightDetailsPageTest()[pri:0, instance:com.newtours.test.BookFlightTest@551bdc27]" started-at="2022-04-07T18:49:43 GMT" name="FlightDetailsPageTest" finished-at="2022-04-07T18:49:44 GMT" depends-on-methods="com.newtours.test.BookFlightTest.registrationConfirmationPageTest" duration-ms="1624" status="PASS">
          <reporter-output>
          </reporter-output>
        </test-method> <!-- FlightDetailsPageTest -->
        <test-method signature="FindFlightPageTest()[pri:0, instance:com.newtours.test.BookFlightTest@551bdc27]" started-at="2022-04-07T18:49:44 GMT" name="FindFlightPageTest" finished-at="2022-04-07T18:49:45 GMT" depends-on-methods="com.newtours.test.BookFlightTest.FlightDetailsPageTest" duration-ms="563" status="PASS">
          <reporter-output>
          </reporter-output>
        </test-method> <!-- FindFlightPageTest -->
        <test-method signature="FlightConfirmationPageTest()[pri:0, instance:com.newtours.test.BookFlightTest@551bdc27]" started-at="2022-04-07T18:49:45 GMT" name="FlightConfirmationPageTest" finished-at="2022-04-07T18:49:45 GMT" depends-on-methods="com.newtours.test.BookFlightTest.FindFlightPageTest" duration-ms="349" status="PASS">
          <reporter-output>
          </reporter-output>
        </test-method> <!-- FlightConfirmationPageTest -->
        <test-method is-config="true" signature="quitDriver()[pri:0, instance:com.newtours.test.BookFlightTest@551bdc27]" started-at="2022-04-07T18:49:45 GMT" name="quitDriver" finished-at="2022-04-07T18:49:46 GMT" duration-ms="539" status="PASS">
          <reporter-output>
          </reporter-output>
        </test-method> <!-- quitDriver -->
      </class> <!-- com.newtours.test.BookFlightTest -->
    </test> <!-- book-flight-2 -->
    <test started-at="2022-04-07T18:49:16 GMT" name="book-flight-4" finished-at="2022-04-07T18:49:56 GMT" duration-ms="39751">
      <class name="com.newtours.test.BookFlightTest">
        <test-method is-config="true" signature="setupDriver(org.testng.ITestContext)[pri:0, instance:com.newtours.test.BookFlightTest@b7f23d9]" started-at="2022-04-07T18:49:16 GMT" name="setupDriver" finished-at="2022-04-07T18:49:50 GMT" duration-ms="34416" status="PASS">
          <params>
            <param index="0">
              <value>
                <![CDATA[org.testng.TestRunner@1a84f40f]]>
              </value>
            </param>
          </params>
          <reporter-output>
          </reporter-output>
        </test-method> <!-- setupDriver -->
        <test-method signature="registrationPageTest()[pri:0, instance:com.newtours.test.BookFlightTest@b7f23d9]" started-at="2022-04-07T18:49:50 GMT" name="registrationPageTest" finished-at="2022-04-07T18:49:53 GMT" duration-ms="2209" status="PASS">
          <reporter-output>
          </reporter-output>
        </test-method> <!-- registrationPageTest -->
        <test-method is-config="true" signature="setupParameters(java.lang.String,java.lang.String)[pri:0, instance:com.newtours.test.BookFlightTest@b7f23d9]" started-at="2022-04-07T18:49:50 GMT" name="setupParameters" finished-at="2022-04-07T18:49:50 GMT" depends-on-methods="tests.BaseTest.setupDriver" duration-ms="0" status="PASS">
          <params>
            <param index="0">
              <value>
                <![CDATA[4]]>
              </value>
            </param>
            <param index="1">
              <value>
                <![CDATA[$2338 USD]]>
              </value>
            </param>
          </params>
          <reporter-output>
          </reporter-output>
        </test-method> <!-- setupParameters -->
        <test-method signature="registrationConfirmationPageTest()[pri:0, instance:com.newtours.test.BookFlightTest@b7f23d9]" started-at="2022-04-07T18:49:53 GMT" name="registrationConfirmationPageTest" finished-at="2022-04-07T18:49:53 GMT" depends-on-methods="com.newtours.test.BookFlightTest.registrationPageTest" duration-ms="73" status="PASS">
          <reporter-output>
          </reporter-output>
        </test-method> <!-- registrationConfirmationPageTest -->
        <test-method signature="FlightDetailsPageTest()[pri:0, instance:com.newtours.test.BookFlightTest@b7f23d9]" started-at="2022-04-07T18:49:53 GMT" name="FlightDetailsPageTest" finished-at="2022-04-07T18:49:54 GMT" depends-on-methods="com.newtours.test.BookFlightTest.registrationConfirmationPageTest" duration-ms="1634" status="PASS">
          <reporter-output>
          </reporter-output>
        </test-method> <!-- FlightDetailsPageTest -->
        <test-method signature="FindFlightPageTest()[pri:0, instance:com.newtours.test.BookFlightTest@b7f23d9]" started-at="2022-04-07T18:49:54 GMT" name="FindFlightPageTest" finished-at="2022-04-07T18:49:55 GMT" depends-on-methods="com.newtours.test.BookFlightTest.FlightDetailsPageTest" duration-ms="538" status="PASS">
          <reporter-output>
          </reporter-output>
        </test-method> <!-- FindFlightPageTest -->
        <test-method signature="FlightConfirmationPageTest()[pri:0, instance:com.newtours.test.BookFlightTest@b7f23d9]" started-at="2022-04-07T18:49:55 GMT" name="FlightConfirmationPageTest" finished-at="2022-04-07T18:49:55 GMT" depends-on-methods="com.newtours.test.BookFlightTest.FindFlightPageTest" duration-ms="335" status="PASS">
          <reporter-output>
          </reporter-output>
        </test-method> <!-- FlightConfirmationPageTest -->
        <test-method is-config="true" signature="quitDriver()[pri:0, instance:com.newtours.test.BookFlightTest@b7f23d9]" started-at="2022-04-07T18:49:55 GMT" name="quitDriver" finished-at="2022-04-07T18:49:56 GMT" duration-ms="538" status="PASS">
          <reporter-output>
          </reporter-output>
        </test-method> <!-- quitDriver -->
      </class> <!-- com.newtours.test.BookFlightTest -->
    </test> <!-- book-flight-4 -->
  </suite> <!-- book-flight-module -->
</testng-results>
